2024-07-15 20:00:28.795935: Script started
2024-07-15 20:00:28.838568: Fetching RSS feed from https://old.reddit.com/r/midsoledeals/search.xml?q=flair%3A%22New%20Balance%22%20OR%20flair%3A%22Adidas%22&restrict_sr=1&sort=new
2024-07-15 20:00:28.860475: Response status code: 403
2024-07-15 20:00:28.860543: Response headers: {'Connection': 'close', 'Content-Length': '1486', 'Retry-After': '0', 'Content-Type': 'text/html', 'Cache-Control': 'private, no-store', 'Accept-Ranges': 'bytes', 'Date': 'Mon, 15 Jul 2024 20:00:28 GMT', 'Via': '1.1 varnish', 'Set-Cookie': 'edgebucket=543ABITkyBM4sv03Zf; Domain=reddit.com; Max-Age=63071999; Path=/;  secure', 'Server': 'snooserv', 'Strict-Transport-Security': 'max-age=31536000; includeSubdomains', 'X-Content-Type-Options': 'nosniff', 'X-Frame-Options': 'SAMEORIGIN', 'X-XSS-Protection': '1; mode=block', 'Report-To': '{"group": "w3-reporting-nel", "max_age": 14400, "include_subdomains": true,  "endpoints": [{ "url": "https://w3-reporting-nel.reddit.com/reports" }]}, {"group": "w3-reporting", "max_age": 14400, "include_subdomains": true, "endpoints": [{ "url": "https://w3-reporting.reddit.com/reports" }]}, {"group": "w3-reporting-csp", "max_age": 14400, "include_subdomains": true, "endpoints": [{ "url": "https://w3-reporting-csp.reddit.com/reports" }]}', 'NEL': '{"report_to": "w3-reporting-nel", "max_age": 14400, "include_subdomains": false, "success_fraction": 1.0, "failure_fraction": 1.0}'}
2024-07-15 20:00:28.860579: Response content (first 500 characters): b'<!doctype html>\n     <html>\n  <head>\n    <title>Blocked</title>\n    <style>\n      body {\n          font: small verdana, arial, helvetica, sans-serif;\n          width: 600px;\n          margin: 0 auto;\n      }\n\n      h1 {\n          height: 40px;\n          background: transparent url(//www.redditstatic.com/reddit.com.header.png) no-repeat scroll top right;\n      }\n    </style>\n  </head>\n  <body>\n    <h1>whoa there, pardner!</h1>\n\n<p>Your request has been blocked due to a network policy.</p>\n\n<p>Try'
2024-07-15 20:00:28.860606: Error: Received status code 403
2024-07-15 20:00:28.860676: No new posts found.
2024-07-15 20:00:28.860703: Script finished
2024-07-15 20:02:23.689890: Script started
2024-07-15 20:02:23.723499: Fetching RSS feed from https://old.reddit.com/r/midsoledeals/search.xml?q=flair%3A%22New%20Balance%22%20OR%20flair%3A%22Adidas%22&restrict_sr=1&sort=new
2024-07-15 20:02:23.768900: Response status code: 403
2024-07-15 20:02:23.768989: Response headers: {'Connection': 'close', 'Content-Length': '1484', 'Retry-After': '0', 'Content-Type': 'text/html', 'Cache-Control': 'private, no-store', 'Accept-Ranges': 'bytes', 'Date': 'Mon, 15 Jul 2024 20:02:23 GMT', 'Via': '1.1 varnish', 'Set-Cookie': 'edgebucket=ZFl1cL63XgE75agly8; Domain=reddit.com; Max-Age=63071999; Path=/;  secure', 'Server': 'snooserv', 'Strict-Transport-Security': 'max-age=31536000; includeSubdomains', 'X-Content-Type-Options': 'nosniff', 'X-Frame-Options': 'SAMEORIGIN', 'X-XSS-Protection': '1; mode=block', 'Report-To': '{"group": "w3-reporting-nel", "max_age": 14400, "include_subdomains": true,  "endpoints": [{ "url": "https://w3-reporting-nel.reddit.com/reports" }]}, {"group": "w3-reporting", "max_age": 14400, "include_subdomains": true, "endpoints": [{ "url": "https://w3-reporting.reddit.com/reports" }]}, {"group": "w3-reporting-csp", "max_age": 14400, "include_subdomains": true, "endpoints": [{ "url": "https://w3-reporting-csp.reddit.com/reports" }]}', 'NEL': '{"report_to": "w3-reporting-nel", "max_age": 14400, "include_subdomains": false, "success_fraction": 1.0, "failure_fraction": 1.0}'}
2024-07-15 20:02:23.769026: Response content (first 500 characters): b'<!doctype html>\n     <html>\n  <head>\n    <title>Blocked</title>\n    <style>\n      body {\n          font: small verdana, arial, helvetica, sans-serif;\n          width: 600px;\n          margin: 0 auto;\n      }\n\n      h1 {\n          height: 40px;\n          background: transparent url(//www.redditstatic.com/reddit.com.header.png) no-repeat scroll top right;\n      }\n    </style>\n  </head>\n  <body>\n    <h1>whoa there, pardner!</h1>\n\n<p>Your request has been blocked due to a network policy.</p>\n\n<p>Try'
2024-07-15 20:02:23.769070: Error: Received status code 403
2024-07-15 20:02:23.769150: No new posts found.
2024-07-15 20:02:23.769178: Script finished
2024-07-15 20:13:56.583010: Script started
2024-07-15 20:13:56.677248: Fetching RSS feed from https://old.reddit.com/r/midsoledeals/search.xml?q=flair%3A%22New%20Balance%22%20OR%20flair%3A%22Adidas%22&restrict_sr=1&sort=new
2024-07-15 20:13:56.795007: Response status code: 403
2024-07-15 20:13:56.795092: Response headers: {'Connection': 'close', 'Content-Length': '1484', 'Retry-After': '0', 'Content-Type': 'text/html', 'Cache-Control': 'private, no-store', 'Accept-Ranges': 'bytes', 'Date': 'Mon, 15 Jul 2024 20:13:56 GMT', 'Via': '1.1 varnish', 'Set-Cookie': 'edgebucket=8KVfO2xrBJDlYT4gPk; Domain=reddit.com; Max-Age=63071999; Path=/;  secure', 'Server': 'snooserv', 'Strict-Transport-Security': 'max-age=31536000; includeSubdomains', 'X-Content-Type-Options': 'nosniff', 'X-Frame-Options': 'SAMEORIGIN', 'X-XSS-Protection': '1; mode=block', 'Report-To': '{"group": "w3-reporting-nel", "max_age": 14400, "include_subdomains": true,  "endpoints": [{ "url": "https://w3-reporting-nel.reddit.com/reports" }]}, {"group": "w3-reporting", "max_age": 14400, "include_subdomains": true, "endpoints": [{ "url": "https://w3-reporting.reddit.com/reports" }]}, {"group": "w3-reporting-csp", "max_age": 14400, "include_subdomains": true, "endpoints": [{ "url": "https://w3-reporting-csp.reddit.com/reports" }]}', 'NEL': '{"report_to": "w3-reporting-nel", "max_age": 14400, "include_subdomains": false, "success_fraction": 1.0, "failure_fraction": 1.0}'}
2024-07-15 20:13:56.795131: Response content (first 500 characters): b'<!doctype html>\n     <html>\n  <head>\n    <title>Blocked</title>\n    <style>\n      body {\n          font: small verdana, arial, helvetica, sans-serif;\n          width: 600px;\n          margin: 0 auto;\n      }\n\n      h1 {\n          height: 40px;\n          background: transparent url(//www.redditstatic.com/reddit.com.header.png) no-repeat scroll top right;\n      }\n    </style>\n  </head>\n  <body>\n    <h1>whoa there, pardner!</h1>\n\n<p>Your request has been blocked due to a network policy.</p>\n\n<p>Try'
2024-07-15 20:13:56.795158: Error: Received status code 403
2024-07-15 20:13:56.795239: No new posts found.
2024-07-15 20:13:56.795267: Script finished
